1341048169663|-1||debug||com.p6spy.engine.common.P6SpyOptions reloading properties
1341048169668|-1||info||Using properties file: /Users/gomezhyuuga/Projects/sirass/SiRASS/target/classes/spy.properties
1341048169668|-1||info||No value in environment for: getStackTrace, using: false
1341048169668|-1||info||No value in environment for: getFilter, using: false
1341048169669|-1||info||No value in environment for: getDeregisterDrivers, using: true
1341048169669|-1||info||No value in environment for: getUsePrefix, using: false
1341048169669|-1||info||No value in environment for: getExecutionThreshold, using: 0
1341048169669|-1||info||No value in environment for: getAutoflush, using: true
1341048169669|-1||info||No value in environment for: getExclude, using: 
1341048169669|-1||info||No value in environment for: getExcludecategories, using: info,debug,result,batch
1341048169669|-1||info||No value in environment for: getInclude, using: 
1341048169669|-1||info||No value in environment for: getIncludecategories, using: info, statement
1341048169669|-1||info||No value in environment for: getLogfile, using: /var/log/spy.log
1341048169669|-1||info||No value in environment for: getAppender, using: com.p6spy.engine.logging.appender.StdoutLogger
1341048169669|-1||info||No value in environment for: getRealdriver, using: com.mysql.jdbc.Driver
1341048169669|-1||info||No value in environment for: getRealdriver2, using: 
1341048169669|-1||info||No value in environment for: getRealdriver3, using: 
1341048169669|-1||info||No value in environment for: getAppend, using: true
1341048169669|-1||info||No value in environment for: getSpydriver, using: com.p6spy.engine.spy.P6SpyDriver
1341048169669|-1||info||No value in environment for: getDateformat, using: 
1341048169669|-1||info||No value in environment for: getDateformatter, using: null
1341048169669|-1||info||No value in environment for: getStringmatcher, using: com.p6spy.engine.common.SubstringMatcher
1341048169669|-1||info||No value in environment for: getStringMatcherEngine, using: com.p6spy.engine.common.SubstringMatcher@526d0040
1341048169669|-1||info||No value in environment for: getStackTraceClass, using: 
1341048169669|-1||info||No value in environment for: getSQLExpression, using: null
1341048169669|-1||info||No value in environment for: getReloadProperties, using: false
1341048169669|-1||info||No value in environment for: getReloadPropertiesInterval, using: 60
1341048169670|-1||info||No value in environment for: getJNDIContextFactory, using: null
1341048169670|-1||info||No value in environment for: getJNDIContextProviderURL, using: null
1341048169670|-1||info||No value in environment for: getJNDIContextCustom, using: null
1341048169670|-1||info||No value in environment for: getRealDataSource, using: null
1341048169670|-1||info||No value in environment for: getRealDataSourceClass, using: null
1341048169670|-1||info||No value in environment for: getRealDataSourceProperties, using: null
